# JRE version: Java(TM) SE Runtime Environment (8.0_202-b08) (build 1.8.0_202-b08)
# Java VM: Java HotSpot(TM) 64-Bit Server VM (25.202-b08 mixed mode windows-amd64 compressed oops)
Heap:
 PSYoungGen      total 258560K, used 164828K [0x00000000d5f80000, 0x00000000ec580000, 0x0000000100000000)
  eden space 245248K, 61% used [0x00000000d5f80000,0x00000000df37d8b0,0x00000000e4f00000)
  from space 13312K, 99% used [0x00000000e6e80000,0x00000000e7b79a78,0x00000000e7b80000)
  to   space 32256K, 0% used [0x00000000e4f00000,0x00000000e4f00000,0x00000000e6e80000)
 ParOldGen       total 88576K, used 54313K [0x0000000081e00000, 0x0000000087480000, 0x00000000d5f80000)
  object space 88576K, 61% used [0x0000000081e00000,0x000000008530a588,0x0000000087480000)
 Metaspace       used 27763K, capacity 28716K, committed 28800K, reserved 1075200K
  class space    used 3152K, capacity 3456K, committed 3456K, reserved 1048576K
GC Heap History (10 events):
Event: 6.757 GC heap before
{Heap before GC invocations=7 (full 0):
 PSYoungGen      total 145408K, used 116040K [0x00000000d5f80000, 0x00000000dfd80000, 0x0000000100000000)
  eden space 132096K, 79% used [0x00000000d5f80000,0x00000000dc5e6110,0x00000000de080000)
  from space 13312K, 84% used [0x00000000dee80000,0x00000000df96c060,0x00000000dfb80000)
  to   space 14336K, 0% used [0x00000000de080000,0x00000000de080000,0x00000000dee80000)
 ParOldGen       total 87552K, used 16647K [0x0000000081e00000, 0x0000000087380000, 0x00000000d5f80000)
  object space 87552K, 19% used [0x0000000081e00000,0x0000000082e41cc0,0x0000000087380000)
 Metaspace       used 20538K, capacity 21130K, committed 21296K, reserved 1069056K
  class space    used 2428K, capacity 2601K, committed 2688K, reserved 1048576K
Event: 6.785 GC heap after
Heap after GC invocations=7 (full 0):
 PSYoungGen      total 146432K, used 14328K [0x00000000d5f80000, 0x00000000e8480000, 0x0000000100000000)
  eden space 132096K, 0% used [0x00000000d5f80000,0x00000000d5f80000,0x00000000de080000)
  from space 14336K, 99% used [0x00000000de080000,0x00000000dee7e198,0x00000000dee80000)
  to   space 17920K, 0% used [0x00000000e7300000,0x00000000e7300000,0x00000000e8480000)
 ParOldGen       total 87552K, used 20642K [0x0000000081e00000, 0x0000000087380000, 0x00000000d5f80000)
  object space 87552K, 23% used [0x0000000081e00000,0x0000000083228a20,0x0000000087380000)
 Metaspace       used 20538K, capacity 21130K, committed 21296K, reserved 1069056K
  class space    used 2428K, capacity 2601K, committed 2688K, reserved 1048576K
}
Event: 6.785 GC heap before
{Heap before GC invocations=8 (full 1):
 PSYoungGen      total 146432K, used 14328K [0x00000000d5f80000, 0x00000000e8480000, 0x0000000100000000)
  eden space 132096K, 0% used [0x00000000d5f80000,0x00000000d5f80000,0x00000000de080000)
  from space 14336K, 99% used [0x00000000de080000,0x00000000dee7e198,0x00000000dee80000)
  to   space 17920K, 0% used [0x00000000e7300000,0x00000000e7300000,0x00000000e8480000)
 ParOldGen       total 87552K, used 20642K [0x0000000081e00000, 0x0000000087380000, 0x00000000d5f80000)
  object space 87552K, 23% used [0x0000000081e00000,0x0000000083228a20,0x0000000087380000)
 Metaspace       used 20538K, capacity 21130K, committed 21296K, reserved 1069056K
  class space    used 2428K, capacity 2601K, committed 2688K, reserved 1048576K
Event: 6.965 GC heap after
Heap after GC invocations=8 (full 1):
 PSYoungGen      total 146432K, used 0K [0x00000000d5f80000, 0x00000000e8480000, 0x0000000100000000)
  eden space 132096K, 0% used [0x00000000d5f80000,0x00000000d5f80000,0x00000000de080000)
  from space 14336K, 0% used [0x00000000de080000,0x00000000de080000,0x00000000dee80000)
  to   space 17920K, 0% used [0x00000000e7300000,0x00000000e7300000,0x00000000e8480000)
 ParOldGen       total 88576K, used 28685K [0x0000000081e00000, 0x0000000087480000, 0x00000000d5f80000)
  object space 88576K, 32% used [0x0000000081e00000,0x0000000083a03690,0x0000000087480000)
 Metaspace       used 20538K, capacity 21130K, committed 21296K, reserved 1069056K
  class space    used 2428K, capacity 2601K, committed 2688K, reserved 1048576K
}
Event: 8.192 GC heap before
{Heap before GC invocations=9 (full 1):
 PSYoungGen      total 146432K, used 132096K [0x00000000d5f80000, 0x00000000e8480000, 0x0000000100000000)
  eden space 132096K, 100% used [0x00000000d5f80000,0x00000000de080000,0x00000000de080000)
  from space 14336K, 0% used [0x00000000de080000,0x00000000de080000,0x00000000dee80000)
  to   space 17920K, 0% used [0x00000000e7300000,0x00000000e7300000,0x00000000e8480000)
 ParOldGen       total 88576K, used 28685K [0x0000000081e00000, 0x0000000087480000, 0x00000000d5f80000)
  object space 88576K, 32% used [0x0000000081e00000,0x0000000083a03690,0x0000000087480000)
 Metaspace       used 22884K, capacity 23466K, committed 23680K, reserved 1071104K
  class space    used 2626K, capacity 2825K, committed 2944K, reserved 1048576K
Event: 8.215 GC heap after
Heap after GC invocations=9 (full 1):
 PSYoungGen      total 207872K, used 17889K [0x00000000d5f80000, 0x00000000e8480000, 0x0000000100000000)
  eden space 189952K, 0% used [0x00000000d5f80000,0x00000000d5f80000,0x00000000e1900000)
  from space 17920K, 99% used [0x00000000e7300000,0x00000000e8478680,0x00000000e8480000)
  to   space 22528K, 0% used [0x00000000e5880000,0x00000000e5880000,0x00000000e6e80000)
 ParOldGen       total 88576K, used 33147K [0x0000000081e00000, 0x0000000087480000, 0x00000000d5f80000)
  object space 88576K, 37% used [0x0000000081e00000,0x0000000083e5ee58,0x0000000087480000)
 Metaspace       used 22884K, capacity 23466K, committed 23680K, reserved 1071104K
  class space    used 2626K, capacity 2825K, committed 2944K, reserved 1048576K
}
Event: 9.485 GC heap before
{Heap before GC invocations=10 (full 1):
 PSYoungGen      total 207872K, used 207841K [0x00000000d5f80000, 0x00000000e8480000, 0x0000000100000000)
  eden space 189952K, 100% used [0x00000000d5f80000,0x00000000e1900000,0x00000000e1900000)
  from space 17920K, 99% used [0x00000000e7300000,0x00000000e8478680,0x00000000e8480000)
  to   space 22528K, 0% used [0x00000000e5880000,0x00000000e5880000,0x00000000e6e80000)
 ParOldGen       total 88576K, used 33147K [0x0000000081e00000, 0x0000000087480000, 0x00000000d5f80000)
  object space 88576K, 37% used [0x0000000081e00000,0x0000000083e5ee58,0x0000000087480000)
 Metaspace       used 24070K, capacity 24846K, committed 25088K, reserved 1071104K
  class space    used 2760K, capacity 2965K, committed 3072K, reserved 1048576K
Event: 9.512 GC heap after
Heap after GC invocations=10 (full 1):
 PSYoungGen      total 262144K, used 22525K [0x00000000d5f80000, 0x00000000e7b80000, 0x0000000100000000)
  eden space 239616K, 0% used [0x00000000d5f80000,0x00000000d5f80000,0x00000000e4980000)
  from space 22528K, 99% used [0x00000000e5880000,0x00000000e6e7f780,0x00000000e6e80000)
  to   space 13312K, 0% used [0x00000000e6e80000,0x00000000e6e80000,0x00000000e7b80000)
 ParOldGen       total 88576K, used 33413K [0x0000000081e00000, 0x0000000087480000, 0x00000000d5f80000)
  object space 88576K, 37% used [0x0000000081e00000,0x0000000083ea1488,0x0000000087480000)
 Metaspace       used 24070K, capacity 24846K, committed 25088K, reserved 1071104K
  class space    used 2760K, capacity 2965K, committed 3072K, reserved 1048576K
}
Event: 12.726 GC heap before
{Heap before GC invocations=11 (full 1):
 PSYoungGen      total 262144K, used 262141K [0x00000000d5f80000, 0x00000000e7b80000, 0x0000000100000000)
  eden space 239616K, 100% used [0x00000000d5f80000,0x00000000e4980000,0x00000000e4980000)
  from space 22528K, 99% used [0x00000000e5880000,0x00000000e6e7f780,0x00000000e6e80000)
  to   space 13312K, 0% used [0x00000000e6e80000,0x00000000e6e80000,0x00000000e7b80000)
 ParOldGen       total 88576K, used 33413K [0x0000000081e00000, 0x0000000087480000, 0x00000000d5f80000)
  object space 88576K, 37% used [0x0000000081e00000,0x0000000083ea1488,0x0000000087480000)
 Metaspace       used 26735K, capacity 27738K, committed 27904K, reserved 1073152K
  class space    used 3042K, capacity 3323K, committed 3328K, reserved 1048576K
Event: 12.797 GC heap after
Heap after GC invocations=11 (full 1):
 PSYoungGen      total 258560K, used 13286K [0x00000000d5f80000, 0x00000000ec580000, 0x0000000100000000)
  eden space 245248K, 0% used [0x00000000d5f80000,0x00000000d5f80000,0x00000000e4f00000)
  from space 13312K, 99% used [0x00000000e6e80000,0x00000000e7b79a78,0x00000000e7b80000)
  to   space 32256K, 0% used [0x00000000e4f00000,0x00000000e4f00000,0x00000000e6e80000)
 ParOldGen       total 88576K, used 54313K [0x0000000081e00000, 0x0000000087480000, 0x00000000d5f80000)
  object space 88576K, 61% used [0x0000000081e00000,0x000000008530a588,0x0000000087480000)
 Metaspace       used 26735K, capacity 27738K, committed 27904K, reserved 1073152K
  class space    used 3042K, capacity 3323K, committed 3328K, reserved 1048576K
}

