# JRE version: Java(TM) SE Runtime Environment (8.0_202-b08) (build 1.8.0_202-b08)
# Java VM: Java HotSpot(TM) 64-Bit Server VM (25.202-b08 mixed mode windows-amd64 compressed oops)
Heap:
 PSYoungGen      total 146432K, used 122434K [0x00000000d5f80000, 0x00000000dfd80000, 0x0000000100000000)
  eden space 132096K, 81% used [0x00000000d5f80000,0x00000000dc910bf8,0x00000000de080000)
  from space 14336K, 99% used [0x00000000de080000,0x00000000dee7fea0,0x00000000dee80000)
  to   space 13312K, 0% used [0x00000000dee80000,0x00000000dee80000,0x00000000dfb80000)
 ParOldGen       total 88064K, used 38879K [0x0000000081e00000, 0x0000000087400000, 0x00000000d5f80000)
  object space 88064K, 44% used [0x0000000081e00000,0x00000000843f7c98,0x0000000087400000)
 Metaspace       used 24930K, capacity 25588K, committed 25856K, reserved 1073152K
  class space    used 2853K, capacity 3046K, committed 3072K, reserved 1048576K
GC Heap History (10 events):
Event: 4.365 GC heap before
{Heap before GC invocations=6 (full 0):
 PSYoungGen      total 71680K, used 71664K [0x00000000d5f80000, 0x00000000dfb80000, 0x0000000100000000)
  eden space 66560K, 100% used [0x00000000d5f80000,0x00000000da080000,0x00000000da080000)
  from space 5120K, 99% used [0x00000000da080000,0x00000000da57c010,0x00000000da580000)
  to   space 13312K, 0% used [0x00000000dee80000,0x00000000dee80000,0x00000000dfb80000)
 ParOldGen       total 87552K, used 17514K [0x0000000081e00000, 0x0000000087380000, 0x00000000d5f80000)
  object space 87552K, 20% used [0x0000000081e00000,0x0000000082f1a8d8,0x0000000087380000)
 Metaspace       used 16045K, capacity 16386K, committed 16640K, reserved 1064960K
  class space    used 1863K, capacity 1957K, committed 2048K, reserved 1048576K
Event: 4.395 GC heap after
Heap after GC invocations=6 (full 0):
 PSYoungGen      total 145408K, used 11184K [0x00000000d5f80000, 0x00000000dfd80000, 0x0000000100000000)
  eden space 132096K, 0% used [0x00000000d5f80000,0x00000000d5f80000,0x00000000de080000)
  from space 13312K, 84% used [0x00000000dee80000,0x00000000df96c010,0x00000000dfb80000)
  to   space 14336K, 0% used [0x00000000de080000,0x00000000de080000,0x00000000dee80000)
 ParOldGen       total 87552K, used 17522K [0x0000000081e00000, 0x0000000087380000, 0x00000000d5f80000)
  object space 87552K, 20% used [0x0000000081e00000,0x0000000082f1c8d8,0x0000000087380000)
 Metaspace       used 16045K, capacity 16386K, committed 16640K, reserved 1064960K
  class space    used 1863K, capacity 1957K, committed 2048K, reserved 1048576K
}
Event: 6.304 GC heap before
{Heap before GC invocations=7 (full 0):
 PSYoungGen      total 145408K, used 116271K [0x00000000d5f80000, 0x00000000dfd80000, 0x0000000100000000)
  eden space 132096K, 79% used [0x00000000d5f80000,0x00000000dc61ff10,0x00000000de080000)
  from space 13312K, 84% used [0x00000000dee80000,0x00000000df96c010,0x00000000dfb80000)
  to   space 14336K, 0% used [0x00000000de080000,0x00000000de080000,0x00000000dee80000)
 ParOldGen       total 87552K, used 17522K [0x0000000081e00000, 0x0000000087380000, 0x00000000d5f80000)
  object space 87552K, 20% used [0x0000000081e00000,0x0000000082f1c8d8,0x0000000087380000)
 Metaspace       used 20601K, capacity 21162K, committed 21296K, reserved 1069056K
  class space    used 2432K, capacity 2633K, committed 2688K, reserved 1048576K
Event: 6.326 GC heap after
Heap after GC invocations=7 (full 0):
 PSYoungGen      total 146432K, used 14327K [0x00000000d5f80000, 0x00000000dfd80000, 0x0000000100000000)
  eden space 132096K, 0% used [0x00000000d5f80000,0x00000000d5f80000,0x00000000de080000)
  from space 14336K, 99% used [0x00000000de080000,0x00000000dee7dd78,0x00000000dee80000)
  to   space 13312K, 0% used [0x00000000dee80000,0x00000000dee80000,0x00000000dfb80000)
 ParOldGen       total 87552K, used 21640K [0x0000000081e00000, 0x0000000087380000, 0x00000000d5f80000)
  object space 87552K, 24% used [0x0000000081e00000,0x0000000083322108,0x0000000087380000)
 Metaspace       used 20601K, capacity 21162K, committed 21296K, reserved 1069056K
  class space    used 2432K, capacity 2633K, committed 2688K, reserved 1048576K
}
Event: 6.326 GC heap before
{Heap before GC invocations=8 (full 1):
 PSYoungGen      total 146432K, used 14327K [0x00000000d5f80000, 0x00000000dfd80000, 0x0000000100000000)
  eden space 132096K, 0% used [0x00000000d5f80000,0x00000000d5f80000,0x00000000de080000)
  from space 14336K, 99% used [0x00000000de080000,0x00000000dee7dd78,0x00000000dee80000)
  to   space 13312K, 0% used [0x00000000dee80000,0x00000000dee80000,0x00000000dfb80000)
 ParOldGen       total 87552K, used 21640K [0x0000000081e00000, 0x0000000087380000, 0x00000000d5f80000)
  object space 87552K, 24% used [0x0000000081e00000,0x0000000083322108,0x0000000087380000)
 Metaspace       used 20601K, capacity 21162K, committed 21296K, reserved 1069056K
  class space    used 2432K, capacity 2633K, committed 2688K, reserved 1048576K
Event: 6.458 GC heap after
Heap after GC invocations=8 (full 1):
 PSYoungGen      total 146432K, used 0K [0x00000000d5f80000, 0x00000000dfd80000, 0x0000000100000000)
  eden space 132096K, 0% used [0x00000000d5f80000,0x00000000d5f80000,0x00000000de080000)
  from space 14336K, 0% used [0x00000000de080000,0x00000000de080000,0x00000000dee80000)
  to   space 13312K, 0% used [0x00000000dee80000,0x00000000dee80000,0x00000000dfb80000)
 ParOldGen       total 88064K, used 28904K [0x0000000081e00000, 0x0000000087400000, 0x00000000d5f80000)
  object space 88064K, 32% used [0x0000000081e00000,0x0000000083a3a328,0x0000000087400000)
 Metaspace       used 20601K, capacity 21162K, committed 21296K, reserved 1069056K
  class space    used 2432K, capacity 2633K, committed 2688K, reserved 1048576K
}
Event: 7.677 GC heap before
{Heap before GC invocations=9 (full 1):
 PSYoungGen      total 146432K, used 132096K [0x00000000d5f80000, 0x00000000dfd80000, 0x0000000100000000)
  eden space 132096K, 100% used [0x00000000d5f80000,0x00000000de080000,0x00000000de080000)
  from space 14336K, 0% used [0x00000000de080000,0x00000000de080000,0x00000000dee80000)
  to   space 13312K, 0% used [0x00000000dee80000,0x00000000dee80000,0x00000000dfb80000)
 ParOldGen       total 88064K, used 28904K [0x0000000081e00000, 0x0000000087400000, 0x00000000d5f80000)
  object space 88064K, 32% used [0x0000000081e00000,0x0000000083a3a328,0x0000000087400000)
 Metaspace       used 22879K, capacity 23402K, committed 23680K, reserved 1071104K
  class space    used 2626K, capacity 2825K, committed 2944K, reserved 1048576K
Event: 7.701 GC heap after
Heap after GC invocations=9 (full 1):
 PSYoungGen      total 145408K, used 13301K [0x00000000d5f80000, 0x00000000dfd80000, 0x0000000100000000)
  eden space 132096K, 0% used [0x00000000d5f80000,0x00000000d5f80000,0x00000000de080000)
  from space 13312K, 99% used [0x00000000dee80000,0x00000000dfb7d7f8,0x00000000dfb80000)
  to   space 14336K, 0% used [0x00000000de080000,0x00000000de080000,0x00000000dee80000)
 ParOldGen       total 88064K, used 37999K [0x0000000081e00000, 0x0000000087400000, 0x00000000d5f80000)
  object space 88064K, 43% used [0x0000000081e00000,0x000000008431bc98,0x0000000087400000)
 Metaspace       used 22879K, capacity 23402K, committed 23680K, reserved 1071104K
  class space    used 2626K, capacity 2825K, committed 2944K, reserved 1048576K
}
Event: 7.804 GC heap before
{Heap before GC invocations=10 (full 1):
 PSYoungGen      total 145408K, used 145397K [0x00000000d5f80000, 0x00000000dfd80000, 0x0000000100000000)
  eden space 132096K, 100% used [0x00000000d5f80000,0x00000000de080000,0x00000000de080000)
  from space 13312K, 99% used [0x00000000dee80000,0x00000000dfb7d7f8,0x00000000dfb80000)
  to   space 14336K, 0% used [0x00000000de080000,0x00000000de080000,0x00000000dee80000)
 ParOldGen       total 88064K, used 37999K [0x0000000081e00000, 0x0000000087400000, 0x00000000d5f80000)
  object space 88064K, 43% used [0x0000000081e00000,0x000000008431bc98,0x0000000087400000)
 Metaspace       used 22886K, capacity 23466K, committed 23680K, reserved 1071104K
  class space    used 2626K, capacity 2825K, committed 2944K, reserved 1048576K
Event: 7.818 GC heap after
Heap after GC invocations=10 (full 1):
 PSYoungGen      total 146432K, used 14335K [0x00000000d5f80000, 0x00000000dfd80000, 0x0000000100000000)
  eden space 132096K, 0% used [0x00000000d5f80000,0x00000000d5f80000,0x00000000de080000)
  from space 14336K, 99% used [0x00000000de080000,0x00000000dee7fea0,0x00000000dee80000)
  to   space 13312K, 0% used [0x00000000dee80000,0x00000000dee80000,0x00000000dfb80000)
 ParOldGen       total 88064K, used 38879K [0x0000000081e00000, 0x0000000087400000, 0x00000000d5f80000)
  object space 88064K, 44% used [0x0000000081e00000,0x00000000843f7c98,0x0000000087400000)
 Metaspace       used 22886K, capacity 23466K, committed 23680K, reserved 1071104K
  class space    used 2626K, capacity 2825K, committed 2944K, reserved 1048576K
}

