# JRE version: Java(TM) SE Runtime Environment (8.0_202-b08) (build 1.8.0_202-b08)
# Java VM: Java HotSpot(TM) 64-Bit Server VM (25.202-b08 mixed mode windows-amd64 compressed oops)
Heap:
 PSYoungGen      total 146432K, used 63558K [0x00000000d5f80000, 0x00000000e8580000, 0x0000000100000000)
  eden space 132608K, 47% used [0x00000000d5f80000,0x00000000d9d919c0,0x00000000de100000)
  from space 13824K, 0% used [0x00000000de100000,0x00000000de100000,0x00000000dee80000)
  to   space 17920K, 0% used [0x00000000e7400000,0x00000000e7400000,0x00000000e8580000)
 ParOldGen       total 87552K, used 28722K [0x0000000081e00000, 0x0000000087380000, 0x00000000d5f80000)
  object space 87552K, 32% used [0x0000000081e00000,0x0000000083a0ca98,0x0000000087380000)
 Metaspace       used 22701K, capacity 23274K, committed 23424K, reserved 1069056K
  class space    used 2622K, capacity 2825K, committed 2944K, reserved 1048576K
GC Heap History (10 events):
Event: 2.582 GC heap before
{Heap before GC invocations=4 (full 0):
 PSYoungGen      total 38400K, used 38368K [0x00000000d5f80000, 0x00000000daa80000, 0x0000000100000000)
  eden space 33280K, 100% used [0x00000000d5f80000,0x00000000d8000000,0x00000000d8000000)
  from space 5120K, 99% used [0x00000000d8000000,0x00000000d84f8050,0x00000000d8500000)
  to   space 5120K, 0% used [0x00000000da580000,0x00000000da580000,0x00000000daa80000)
 ParOldGen       total 87552K, used 5550K [0x0000000081e00000, 0x0000000087380000, 0x00000000d5f80000)
  object space 87552K, 6% used [0x0000000081e00000,0x000000008236bac0,0x0000000087380000)
 Metaspace       used 15340K, capacity 15610K, committed 15872K, reserved 1062912K
  class space    used 1842K, capacity 1945K, committed 2048K, reserved 1048576K
Event: 2.605 GC heap after
Heap after GC invocations=4 (full 0):
 PSYoungGen      total 71680K, used 5104K [0x00000000d5f80000, 0x00000000daa80000, 0x0000000100000000)
  eden space 66560K, 0% used [0x00000000d5f80000,0x00000000d5f80000,0x00000000da080000)
  from space 5120K, 99% used [0x00000000da580000,0x00000000daa7c040,0x00000000daa80000)
  to   space 5120K, 0% used [0x00000000da080000,0x00000000da080000,0x00000000da580000)
 ParOldGen       total 87552K, used 10329K [0x0000000081e00000, 0x0000000087380000, 0x00000000d5f80000)
  object space 87552K, 11% used [0x0000000081e00000,0x00000000828166a8,0x0000000087380000)
 Metaspace       used 15340K, capacity 15610K, committed 15872K, reserved 1062912K
  class space    used 1842K, capacity 1945K, committed 2048K, reserved 1048576K
}
Event: 3.091 GC heap before
{Heap before GC invocations=5 (full 0):
 PSYoungGen      total 71680K, used 71664K [0x00000000d5f80000, 0x00000000daa80000, 0x0000000100000000)
  eden space 66560K, 100% used [0x00000000d5f80000,0x00000000da080000,0x00000000da080000)
  from space 5120K, 99% used [0x00000000da580000,0x00000000daa7c040,0x00000000daa80000)
  to   space 5120K, 0% used [0x00000000da080000,0x00000000da080000,0x00000000da580000)
 ParOldGen       total 87552K, used 10329K [0x0000000081e00000, 0x0000000087380000, 0x00000000d5f80000)
  object space 87552K, 11% used [0x0000000081e00000,0x00000000828166a8,0x0000000087380000)
 Metaspace       used 15664K, capacity 15996K, committed 16128K, reserved 1062912K
  class space    used 1861K, capacity 1956K, committed 2048K, reserved 1048576K
Event: 3.103 GC heap after
Heap after GC invocations=5 (full 0):
 PSYoungGen      total 71680K, used 5104K [0x00000000d5f80000, 0x00000000dfb80000, 0x0000000100000000)
  eden space 66560K, 0% used [0x00000000d5f80000,0x00000000d5f80000,0x00000000da080000)
  from space 5120K, 99% used [0x00000000da080000,0x00000000da57c010,0x00000000da580000)
  to   space 13312K, 0% used [0x00000000dee80000,0x00000000dee80000,0x00000000dfb80000)
 ParOldGen       total 87552K, used 16909K [0x0000000081e00000, 0x0000000087380000, 0x00000000d5f80000)
  object space 87552K, 19% used [0x0000000081e00000,0x0000000082e83690,0x0000000087380000)
 Metaspace       used 15664K, capacity 15996K, committed 16128K, reserved 1062912K
  class space    used 1861K, capacity 1956K, committed 2048K, reserved 1048576K
}
Event: 3.705 GC heap before
{Heap before GC invocations=6 (full 0):
 PSYoungGen      total 71680K, used 71664K [0x00000000d5f80000, 0x00000000dfb80000, 0x0000000100000000)
  eden space 66560K, 100% used [0x00000000d5f80000,0x00000000da080000,0x00000000da080000)
  from space 5120K, 99% used [0x00000000da080000,0x00000000da57c010,0x00000000da580000)
  to   space 13312K, 0% used [0x00000000dee80000,0x00000000dee80000,0x00000000dfb80000)
 ParOldGen       total 87552K, used 16909K [0x0000000081e00000, 0x0000000087380000, 0x00000000d5f80000)
  object space 87552K, 19% used [0x0000000081e00000,0x0000000082e83690,0x0000000087380000)
 Metaspace       used 16012K, capacity 16322K, committed 16640K, reserved 1064960K
  class space    used 1863K, capacity 1957K, committed 2048K, reserved 1048576K
Event: 3.725 GC heap after
Heap after GC invocations=6 (full 0):
 PSYoungGen      total 145920K, used 11088K [0x00000000d5f80000, 0x00000000dfc80000, 0x0000000100000000)
  eden space 132608K, 0% used [0x00000000d5f80000,0x00000000d5f80000,0x00000000de100000)
  from space 13312K, 83% used [0x00000000dee80000,0x00000000df954010,0x00000000dfb80000)
  to   space 13824K, 0% used [0x00000000de100000,0x00000000de100000,0x00000000dee80000)
 ParOldGen       total 87552K, used 16917K [0x0000000081e00000, 0x0000000087380000, 0x00000000d5f80000)
  object space 87552K, 19% used [0x0000000081e00000,0x0000000082e85690,0x0000000087380000)
 Metaspace       used 16012K, capacity 16322K, committed 16640K, reserved 1064960K
  class space    used 1863K, capacity 1957K, committed 2048K, reserved 1048576K
}
Event: 5.365 GC heap before
{Heap before GC invocations=7 (full 0):
 PSYoungGen      total 145920K, used 114452K [0x00000000d5f80000, 0x00000000dfc80000, 0x0000000100000000)
  eden space 132608K, 77% used [0x00000000d5f80000,0x00000000dc4710d0,0x00000000de100000)
  from space 13312K, 83% used [0x00000000dee80000,0x00000000df954010,0x00000000dfb80000)
  to   space 13824K, 0% used [0x00000000de100000,0x00000000de100000,0x00000000dee80000)
 ParOldGen       total 87552K, used 16917K [0x0000000081e00000, 0x0000000087380000, 0x00000000d5f80000)
  object space 87552K, 19% used [0x0000000081e00000,0x0000000082e85690,0x0000000087380000)
 Metaspace       used 20562K, capacity 21130K, committed 21296K, reserved 1069056K
  class space    used 2430K, capacity 2601K, committed 2688K, reserved 1048576K
Event: 5.383 GC heap after
Heap after GC invocations=7 (full 0):
 PSYoungGen      total 146432K, used 13799K [0x00000000d5f80000, 0x00000000e8580000, 0x0000000100000000)
  eden space 132608K, 0% used [0x00000000d5f80000,0x00000000d5f80000,0x00000000de100000)
  from space 13824K, 99% used [0x00000000de100000,0x00000000dee79d68,0x00000000dee80000)
  to   space 17920K, 0% used [0x00000000e7400000,0x00000000e7400000,0x00000000e8580000)
 ParOldGen       total 87552K, used 21149K [0x0000000081e00000, 0x0000000087380000, 0x00000000d5f80000)
  object space 87552K, 24% used [0x0000000081e00000,0x00000000832a7508,0x0000000087380000)
 Metaspace       used 20562K, capacity 21130K, committed 21296K, reserved 1069056K
  class space    used 2430K, capacity 2601K, committed 2688K, reserved 1048576K
}
Event: 5.383 GC heap before
{Heap before GC invocations=8 (full 1):
 PSYoungGen      total 146432K, used 13799K [0x00000000d5f80000, 0x00000000e8580000, 0x0000000100000000)
  eden space 132608K, 0% used [0x00000000d5f80000,0x00000000d5f80000,0x00000000de100000)
  from space 13824K, 99% used [0x00000000de100000,0x00000000dee79d68,0x00000000dee80000)
  to   space 17920K, 0% used [0x00000000e7400000,0x00000000e7400000,0x00000000e8580000)
 ParOldGen       total 87552K, used 21149K [0x0000000081e00000, 0x0000000087380000, 0x00000000d5f80000)
  object space 87552K, 24% used [0x0000000081e00000,0x00000000832a7508,0x0000000087380000)
 Metaspace       used 20562K, capacity 21130K, committed 21296K, reserved 1069056K
  class space    used 2430K, capacity 2601K, committed 2688K, reserved 1048576K
Event: 5.503 GC heap after
Heap after GC invocations=8 (full 1):
 PSYoungGen      total 146432K, used 0K [0x00000000d5f80000, 0x00000000e8580000, 0x0000000100000000)
  eden space 132608K, 0% used [0x00000000d5f80000,0x00000000d5f80000,0x00000000de100000)
  from space 13824K, 0% used [0x00000000de100000,0x00000000de100000,0x00000000dee80000)
  to   space 17920K, 0% used [0x00000000e7400000,0x00000000e7400000,0x00000000e8580000)
 ParOldGen       total 87552K, used 28722K [0x0000000081e00000, 0x0000000087380000, 0x00000000d5f80000)
  object space 87552K, 32% used [0x0000000081e00000,0x0000000083a0ca98,0x0000000087380000)
 Metaspace       used 20562K, capacity 21130K, committed 21296K, reserved 1069056K
  class space    used 2430K, capacity 2601K, committed 2688K, reserved 1048576K
}

