# JRE version: Java(TM) SE Runtime Environment (8.0_202-b08) (build 1.8.0_202-b08)
# Java VM: Java HotSpot(TM) 64-Bit Server VM (25.202-b08 mixed mode windows-amd64 compressed oops)
Heap:
 PSYoungGen      total 71680K, used 30334K [0x00000000d5f80000, 0x00000000daa80000, 0x0000000100000000)
  eden space 66560K, 37% used [0x00000000d5f80000,0x00000000d7822fa8,0x00000000da080000)
  from space 5120K, 99% used [0x00000000da580000,0x00000000daa7caf0,0x00000000daa80000)
  to   space 5120K, 0% used [0x00000000da080000,0x00000000da080000,0x00000000da580000)
 ParOldGen       total 44544K, used 7708K [0x0000000081e00000, 0x0000000084980000, 0x00000000d5f80000)
  object space 44544K, 17% used [0x0000000081e00000,0x00000000825873d8,0x0000000084980000)
 Metaspace       used 27579K, capacity 28966K, committed 29056K, reserved 1075200K
  class space    used 3642K, capacity 3941K, committed 3968K, reserved 1048576K
GC Heap History (10 events):
Event: 1.735 GC heap before
{Heap before GC invocations=3 (full 0):
 PSYoungGen      total 38400K, used 38378K [0x00000000d5f80000, 0x00000000d8a00000, 0x0000000100000000)
  eden space 33280K, 100% used [0x00000000d5f80000,0x00000000d8000000,0x00000000d8000000)
  from space 5120K, 99% used [0x00000000d8500000,0x00000000d89fa9c8,0x00000000d8a00000)
  to   space 5120K, 0% used [0x00000000d8000000,0x00000000d8000000,0x00000000d8500000)
 ParOldGen       total 87552K, used 823K [0x0000000081e00000, 0x0000000087380000, 0x00000000d5f80000)
  object space 87552K, 0% used [0x0000000081e00000,0x0000000081ecdd08,0x0000000087380000)
 Metaspace       used 16377K, capacity 17432K, committed 17664K, reserved 1064960K
  class space    used 2057K, capacity 2294K, committed 2304K, reserved 1048576K
Event: 1.744 GC heap after
Heap after GC invocations=3 (full 0):
 PSYoungGen      total 38400K, used 5109K [0x00000000d5f80000, 0x00000000daa80000, 0x0000000100000000)
  eden space 33280K, 0% used [0x00000000d5f80000,0x00000000d5f80000,0x00000000d8000000)
  from space 5120K, 99% used [0x00000000d8000000,0x00000000d84fd640,0x00000000d8500000)
  to   space 5120K, 0% used [0x00000000da580000,0x00000000da580000,0x00000000daa80000)
 ParOldGen       total 87552K, used 2520K [0x0000000081e00000, 0x0000000087380000, 0x00000000d5f80000)
  object space 87552K, 2% used [0x0000000081e00000,0x0000000082076000,0x0000000087380000)
 Metaspace       used 16377K, capacity 17432K, committed 17664K, reserved 1064960K
  class space    used 2057K, capacity 2294K, committed 2304K, reserved 1048576K
}
Event: 2.124 GC heap before
{Heap before GC invocations=4 (full 0):
 PSYoungGen      total 38400K, used 38389K [0x00000000d5f80000, 0x00000000daa80000, 0x0000000100000000)
  eden space 33280K, 100% used [0x00000000d5f80000,0x00000000d8000000,0x00000000d8000000)
  from space 5120K, 99% used [0x00000000d8000000,0x00000000d84fd640,0x00000000d8500000)
  to   space 5120K, 0% used [0x00000000da580000,0x00000000da580000,0x00000000daa80000)
 ParOldGen       total 87552K, used 2520K [0x0000000081e00000, 0x0000000087380000, 0x00000000d5f80000)
  object space 87552K, 2% used [0x0000000081e00000,0x0000000082076000,0x0000000087380000)
 Metaspace       used 20105K, capacity 21246K, committed 21296K, reserved 1067008K
  class space    used 2675K, capacity 2909K, committed 2944K, reserved 1048576K
Event: 2.131 GC heap after
Heap after GC invocations=4 (full 0):
 PSYoungGen      total 71680K, used 5112K [0x00000000d5f80000, 0x00000000daa80000, 0x0000000100000000)
  eden space 66560K, 0% used [0x00000000d5f80000,0x00000000d5f80000,0x00000000da080000)
  from space 5120K, 99% used [0x00000000da580000,0x00000000daa7e0f0,0x00000000daa80000)
  to   space 5120K, 0% used [0x00000000da080000,0x00000000da080000,0x00000000da580000)
 ParOldGen       total 87552K, used 5071K [0x0000000081e00000, 0x0000000087380000, 0x00000000d5f80000)
  object space 87552K, 5% used [0x0000000081e00000,0x00000000822f3f40,0x0000000087380000)
 Metaspace       used 20105K, capacity 21246K, committed 21296K, reserved 1067008K
  class space    used 2675K, capacity 2909K, committed 2944K, reserved 1048576K
}
Event: 2.134 GC heap before
{Heap before GC invocations=5 (full 0):
 PSYoungGen      total 71680K, used 6565K [0x00000000d5f80000, 0x00000000daa80000, 0x0000000100000000)
  eden space 66560K, 2% used [0x00000000d5f80000,0x00000000d60eb500,0x00000000da080000)
  from space 5120K, 99% used [0x00000000da580000,0x00000000daa7e0f0,0x00000000daa80000)
  to   space 5120K, 0% used [0x00000000da080000,0x00000000da080000,0x00000000da580000)
 ParOldGen       total 87552K, used 5071K [0x0000000081e00000, 0x0000000087380000, 0x00000000d5f80000)
  object space 87552K, 5% used [0x0000000081e00000,0x00000000822f3f40,0x0000000087380000)
 Metaspace       used 20110K, capacity 21246K, committed 21296K, reserved 1067008K
  class space    used 2676K, capacity 2909K, committed 2944K, reserved 1048576K
Event: 2.140 GC heap after
Heap after GC invocations=5 (full 0):
 PSYoungGen      total 71680K, used 5112K [0x00000000d5f80000, 0x00000000daa80000, 0x0000000100000000)
  eden space 66560K, 0% used [0x00000000d5f80000,0x00000000d5f80000,0x00000000da080000)
  from space 5120K, 99% used [0x00000000da080000,0x00000000da57e0f0,0x00000000da580000)
  to   space 5120K, 0% used [0x00000000da580000,0x00000000da580000,0x00000000daa80000)
 ParOldGen       total 87552K, used 5095K [0x0000000081e00000, 0x0000000087380000, 0x00000000d5f80000)
  object space 87552K, 5% used [0x0000000081e00000,0x00000000822f9f40,0x0000000087380000)
 Metaspace       used 20110K, capacity 21246K, committed 21296K, reserved 1067008K
  class space    used 2676K, capacity 2909K, committed 2944K, reserved 1048576K
}
Event: 2.140 GC heap before
{Heap before GC invocations=6 (full 1):
 PSYoungGen      total 71680K, used 5112K [0x00000000d5f80000, 0x00000000daa80000, 0x0000000100000000)
  eden space 66560K, 0% used [0x00000000d5f80000,0x00000000d5f80000,0x00000000da080000)
  from space 5120K, 99% used [0x00000000da080000,0x00000000da57e0f0,0x00000000da580000)
  to   space 5120K, 0% used [0x00000000da580000,0x00000000da580000,0x00000000daa80000)
 ParOldGen       total 87552K, used 5095K [0x0000000081e00000, 0x0000000087380000, 0x00000000d5f80000)
  object space 87552K, 5% used [0x0000000081e00000,0x00000000822f9f40,0x0000000087380000)
 Metaspace       used 20110K, capacity 21246K, committed 21296K, reserved 1067008K
  class space    used 2676K, capacity 2909K, committed 2944K, reserved 1048576K
Event: 2.172 GC heap after
Heap after GC invocations=6 (full 1):
 PSYoungGen      total 71680K, used 0K [0x00000000d5f80000, 0x00000000daa80000, 0x0000000100000000)
  eden space 66560K, 0% used [0x00000000d5f80000,0x00000000d5f80000,0x00000000da080000)
  from space 5120K, 0% used [0x00000000da080000,0x00000000da080000,0x00000000da580000)
  to   space 5120K, 0% used [0x00000000da580000,0x00000000da580000,0x00000000daa80000)
 ParOldGen       total 44544K, used 5465K [0x0000000081e00000, 0x0000000084980000, 0x00000000d5f80000)
  object space 44544K, 12% used [0x0000000081e00000,0x00000000823566d0,0x0000000084980000)
 Metaspace       used 20110K, capacity 21246K, committed 21296K, reserved 1067008K
  class space    used 2676K, capacity 2909K, committed 2944K, reserved 1048576K
}
Event: 2.712 GC heap before
{Heap before GC invocations=7 (full 1):
 PSYoungGen      total 71680K, used 66560K [0x00000000d5f80000, 0x00000000daa80000, 0x0000000100000000)
  eden space 66560K, 100% used [0x00000000d5f80000,0x00000000da080000,0x00000000da080000)
  from space 5120K, 0% used [0x00000000da080000,0x00000000da080000,0x00000000da580000)
  to   space 5120K, 0% used [0x00000000da580000,0x00000000da580000,0x00000000daa80000)
 ParOldGen       total 44544K, used 5465K [0x0000000081e00000, 0x0000000084980000, 0x00000000d5f80000)
  object space 44544K, 12% used [0x0000000081e00000,0x00000000823566d0,0x0000000084980000)
 Metaspace       used 26256K, capacity 27610K, committed 27904K, reserved 1073152K
  class space    used 3469K, capacity 3747K, committed 3840K, reserved 1048576K
Event: 2.721 GC heap after
Heap after GC invocations=7 (full 1):
 PSYoungGen      total 71680K, used 5106K [0x00000000d5f80000, 0x00000000daa80000, 0x0000000100000000)
  eden space 66560K, 0% used [0x00000000d5f80000,0x00000000d5f80000,0x00000000da080000)
  from space 5120K, 99% used [0x00000000da580000,0x00000000daa7caf0,0x00000000daa80000)
  to   space 5120K, 0% used [0x00000000da080000,0x00000000da080000,0x00000000da580000)
 ParOldGen       total 44544K, used 7708K [0x0000000081e00000, 0x0000000084980000, 0x00000000d5f80000)
  object space 44544K, 17% used [0x0000000081e00000,0x00000000825873d8,0x0000000084980000)
 Metaspace       used 26256K, capacity 27610K, committed 27904K, reserved 1073152K
  class space    used 3469K, capacity 3747K, committed 3840K, reserved 1048576K
}

