# JRE version: Java(TM) SE Runtime Environment (8.0_202-b08) (build 1.8.0_202-b08)
# Java VM: Java HotSpot(TM) 64-Bit Server VM (25.202-b08 mixed mode windows-amd64 compressed oops)
Heap:
 PSYoungGen      total 245248K, used 224361K [0x00000000d5f80000, 0x00000000f1380000, 0x0000000100000000)
  eden space 229888K, 97% used [0x00000000d5f80000,0x00000000e3a9a458,0x00000000e4000000)
  from space 15360K, 0% used [0x00000000e4000000,0x00000000e4000000,0x00000000e4f00000)
  to   space 15360K, 0% used [0x00000000f0480000,0x00000000f0480000,0x00000000f1380000)
 ParOldGen       total 53248K, used 15053K [0x0000000081e00000, 0x0000000085200000, 0x00000000d5f80000)
  object space 53248K, 28% used [0x0000000081e00000,0x0000000082cb36c0,0x0000000085200000)
 Metaspace       used 43133K, capacity 45195K, committed 45440K, reserved 1089536K
  class space    used 5841K, capacity 6234K, committed 6272K, reserved 1048576K
GC Heap History (10 events):
Event: 2.954 GC heap before
{Heap before GC invocations=5 (full 1):
 PSYoungGen      total 138240K, used 5094K [0x00000000d5f80000, 0x00000000deb80000, 0x0000000100000000)
  eden space 133120K, 0% used [0x00000000d5f80000,0x00000000d5f80000,0x00000000de180000)
  from space 5120K, 99% used [0x00000000de680000,0x00000000deb79938,0x00000000deb80000)
  to   space 5120K, 0% used [0x00000000de180000,0x00000000de180000,0x00000000de680000)
 ParOldGen       total 87552K, used 9457K [0x0000000081e00000, 0x0000000087380000, 0x00000000d5f80000)
  object space 87552K, 10% used [0x0000000081e00000,0x000000008273c5f8,0x0000000087380000)
 Metaspace       used 20608K, capacity 21214K, committed 21296K, reserved 1067008K
  class space    used 2743K, capacity 2902K, committed 2944K, reserved 1048576K
Event: 2.992 GC heap after
Heap after GC invocations=5 (full 1):
 PSYoungGen      total 138240K, used 0K [0x00000000d5f80000, 0x00000000deb80000, 0x0000000100000000)
  eden space 133120K, 0% used [0x00000000d5f80000,0x00000000d5f80000,0x00000000de180000)
  from space 5120K, 0% used [0x00000000de680000,0x00000000de680000,0x00000000deb80000)
  to   space 5120K, 0% used [0x00000000de180000,0x00000000de180000,0x00000000de680000)
 ParOldGen       total 53248K, used 6877K [0x0000000081e00000, 0x0000000085200000, 0x00000000d5f80000)
  object space 53248K, 12% used [0x0000000081e00000,0x00000000824b7798,0x0000000085200000)
 Metaspace       used 20606K, capacity 21208K, committed 21296K, reserved 1067008K
  class space    used 2743K, capacity 2901K, committed 2944K, reserved 1048576K
}
Event: 4.316 GC heap before
{Heap before GC invocations=6 (full 1):
 PSYoungGen      total 138240K, used 133120K [0x00000000d5f80000, 0x00000000deb80000, 0x0000000100000000)
  eden space 133120K, 100% used [0x00000000d5f80000,0x00000000de180000,0x00000000de180000)
  from space 5120K, 0% used [0x00000000de680000,0x00000000de680000,0x00000000deb80000)
  to   space 5120K, 0% used [0x00000000de180000,0x00000000de180000,0x00000000de680000)
 ParOldGen       total 53248K, used 6877K [0x0000000081e00000, 0x0000000085200000, 0x00000000d5f80000)
  object space 53248K, 12% used [0x0000000081e00000,0x00000000824b7798,0x0000000085200000)
 Metaspace       used 27030K, capacity 28186K, committed 28288K, reserved 1073152K
  class space    used 3671K, capacity 3933K, committed 3968K, reserved 1048576K
Event: 4.325 GC heap after
Heap after GC invocations=6 (full 1):
 PSYoungGen      total 138240K, used 5117K [0x00000000d5f80000, 0x00000000e5d80000, 0x0000000100000000)
  eden space 133120K, 0% used [0x00000000d5f80000,0x00000000d5f80000,0x00000000de180000)
  from space 5120K, 99% used [0x00000000de180000,0x00000000de67f7c8,0x00000000de680000)
  to   space 12800K, 0% used [0x00000000e5100000,0x00000000e5100000,0x00000000e5d80000)
 ParOldGen       total 53248K, used 12211K [0x0000000081e00000, 0x0000000085200000, 0x00000000d5f80000)
  object space 53248K, 22% used [0x0000000081e00000,0x00000000829ecce0,0x0000000085200000)
 Metaspace       used 27030K, capacity 28186K, committed 28288K, reserved 1073152K
  class space    used 3671K, capacity 3933K, committed 3968K, reserved 1048576K
}
Event: 5.177 GC heap before
{Heap before GC invocations=7 (full 1):
 PSYoungGen      total 138240K, used 138237K [0x00000000d5f80000, 0x00000000e5d80000, 0x0000000100000000)
  eden space 133120K, 100% used [0x00000000d5f80000,0x00000000de180000,0x00000000de180000)
  from space 5120K, 99% used [0x00000000de180000,0x00000000de67f7c8,0x00000000de680000)
  to   space 12800K, 0% used [0x00000000e5100000,0x00000000e5100000,0x00000000e5d80000)
 ParOldGen       total 53248K, used 12211K [0x0000000081e00000, 0x0000000085200000, 0x00000000d5f80000)
  object space 53248K, 22% used [0x0000000081e00000,0x00000000829ecce0,0x0000000085200000)
 Metaspace       used 33219K, capacity 34948K, committed 35072K, reserved 1079296K
  class space    used 4466K, capacity 4798K, committed 4864K, reserved 1048576K
Event: 5.190 GC heap after
Heap after GC invocations=7 (full 1):
 PSYoungGen      total 242688K, used 12776K [0x00000000d5f80000, 0x00000000e5e00000, 0x0000000100000000)
  eden space 229888K, 0% used [0x00000000d5f80000,0x00000000d5f80000,0x00000000e4000000)
  from space 12800K, 99% used [0x00000000e5100000,0x00000000e5d7a3b0,0x00000000e5d80000)
  to   space 15360K, 0% used [0x00000000e4000000,0x00000000e4000000,0x00000000e4f00000)
 ParOldGen       total 53248K, used 13522K [0x0000000081e00000, 0x0000000085200000, 0x00000000d5f80000)
  object space 53248K, 25% used [0x0000000081e00000,0x0000000082b349c8,0x0000000085200000)
 Metaspace       used 33219K, capacity 34948K, committed 35072K, reserved 1079296K
  class space    used 4466K, capacity 4798K, committed 4864K, reserved 1048576K
}
Event: 5.252 GC heap before
{Heap before GC invocations=8 (full 1):
 PSYoungGen      total 242688K, used 25570K [0x00000000d5f80000, 0x00000000e5e00000, 0x0000000100000000)
  eden space 229888K, 5% used [0x00000000d5f80000,0x00000000d6bfe7e0,0x00000000e4000000)
  from space 12800K, 99% used [0x00000000e5100000,0x00000000e5d7a3b0,0x00000000e5d80000)
  to   space 15360K, 0% used [0x00000000e4000000,0x00000000e4000000,0x00000000e4f00000)
 ParOldGen       total 53248K, used 13522K [0x0000000081e00000, 0x0000000085200000, 0x00000000d5f80000)
  object space 53248K, 25% used [0x0000000081e00000,0x0000000082b349c8,0x0000000085200000)
 Metaspace       used 33568K, capacity 35341K, committed 35496K, reserved 1079296K
  class space    used 4506K, capacity 4864K, committed 4864K, reserved 1048576K
Event: 5.260 GC heap after
Heap after GC invocations=8 (full 1):
 PSYoungGen      total 245248K, used 9861K [0x00000000d5f80000, 0x00000000f1380000, 0x0000000100000000)
  eden space 229888K, 0% used [0x00000000d5f80000,0x00000000d5f80000,0x00000000e4000000)
  from space 15360K, 64% used [0x00000000e4000000,0x00000000e49a17c0,0x00000000e4f00000)
  to   space 15360K, 0% used [0x00000000f0480000,0x00000000f0480000,0x00000000f1380000)
 ParOldGen       total 53248K, used 13530K [0x0000000081e00000, 0x0000000085200000, 0x00000000d5f80000)
  object space 53248K, 25% used [0x0000000081e00000,0x0000000082b369c8,0x0000000085200000)
 Metaspace       used 33568K, capacity 35341K, committed 35496K, reserved 1079296K
  class space    used 4506K, capacity 4864K, committed 4864K, reserved 1048576K
}
Event: 5.260 GC heap before
{Heap before GC invocations=9 (full 2):
 PSYoungGen      total 245248K, used 9861K [0x00000000d5f80000, 0x00000000f1380000, 0x0000000100000000)
  eden space 229888K, 0% used [0x00000000d5f80000,0x00000000d5f80000,0x00000000e4000000)
  from space 15360K, 64% used [0x00000000e4000000,0x00000000e49a17c0,0x00000000e4f00000)
  to   space 15360K, 0% used [0x00000000f0480000,0x00000000f0480000,0x00000000f1380000)
 ParOldGen       total 53248K, used 13530K [0x0000000081e00000, 0x0000000085200000, 0x00000000d5f80000)
  object space 53248K, 25% used [0x0000000081e00000,0x0000000082b369c8,0x0000000085200000)
 Metaspace       used 33568K, capacity 35341K, committed 35496K, reserved 1079296K
  class space    used 4506K, capacity 4864K, committed 4864K, reserved 1048576K
Event: 5.328 GC heap after
Heap after GC invocations=9 (full 2):
 PSYoungGen      total 245248K, used 0K [0x00000000d5f80000, 0x00000000f1380000, 0x0000000100000000)
  eden space 229888K, 0% used [0x00000000d5f80000,0x00000000d5f80000,0x00000000e4000000)
  from space 15360K, 0% used [0x00000000e4000000,0x00000000e4000000,0x00000000e4f00000)
  to   space 15360K, 0% used [0x00000000f0480000,0x00000000f0480000,0x00000000f1380000)
 ParOldGen       total 53248K, used 15053K [0x0000000081e00000, 0x0000000085200000, 0x00000000d5f80000)
  object space 53248K, 28% used [0x0000000081e00000,0x0000000082cb36c0,0x0000000085200000)
 Metaspace       used 33568K, capacity 35341K, committed 35496K, reserved 1079296K
  class space    used 4506K, capacity 4864K, committed 4864K, reserved 1048576K
}

